<?xml version="1.0" encoding="utf-8"?><testsuites name="pytest tests"><testsuite name="pytest" errors="0" failures="0" skipped="0" tests="29" time="7.579" timestamp="2026-01-27T21:44:59.020574+00:00" hostname="agent-env-5b24a452-6ecf-4ee1-870f-c952109cfbcd"><testcase classname="tests.test_multitenancy.TestHealthAndBasics" name="test_health_endpoint" time="0.054" /><testcase classname="tests.test_multitenancy.TestUserRegistration" name="test_signup_new_user" time="0.261" /><testcase classname="tests.test_multitenancy.TestUserRegistration" name="test_signup_duplicate_email" time="0.082" /><testcase classname="tests.test_multitenancy.TestUserLogin" name="test_admin_login_success" time="0.264" /><testcase classname="tests.test_multitenancy.TestUserLogin" name="test_login_invalid_credentials" time="0.267" /><testcase classname="tests.test_multitenancy.TestUserLogin" name="test_login_nonexistent_user" time="0.042" /><testcase classname="tests.test_multitenancy.TestTenantIsolation" name="test_admin_sees_existing_leads" time="0.304" /><testcase classname="tests.test_multitenancy.TestTenantIsolation" name="test_admin_config_endpoint" time="0.301" /><testcase classname="tests.test_multitenancy.TestTenantIsolation" name="test_admin_products_endpoint" time="0.315" /><testcase classname="tests.test_multitenancy.TestTenantIsolation" name="test_admin_discovery_sets_endpoint" time="0.318" /><testcase classname="tests.test_multitenancy.TestTenantIsolation" name="test_admin_scrape_config_endpoint" time="0.312" /><testcase classname="tests.test_multitenancy.TestConfigEndpoints" name="test_get_config" time="0.319" /><testcase classname="tests.test_multitenancy.TestConfigEndpoints" name="test_update_config" time="0.347" /><testcase classname="tests.test_multitenancy.TestLeadsEndpoints" name="test_get_leads" time="0.345" /><testcase classname="tests.test_multitenancy.TestLeadsEndpoints" name="test_delete_lead_requires_auth" time="0.037" /><testcase classname="tests.test_multitenancy.TestLeadsEndpoints" name="test_research_lead_requires_auth" time="0.041" /><testcase classname="tests.test_multitenancy.TestProductsEndpoints" name="test_get_products" time="0.303" /><testcase classname="tests.test_multitenancy.TestProductsEndpoints" name="test_create_and_delete_product" time="0.384" /><testcase classname="tests.test_multitenancy.TestDiscoverySetsEndpoints" name="test_get_discovery_sets" time="0.301" /><testcase classname="tests.test_multitenancy.TestDiscoverySetsEndpoints" name="test_create_and_delete_discovery_set" time="0.382" /><testcase classname="tests.test_multitenancy.TestScrapeConfigEndpoints" name="test_get_scrape_config" time="0.316" /><testcase classname="tests.test_multitenancy.TestScrapeConfigEndpoints" name="test_update_scrape_config" time="0.307" /><testcase classname="tests.test_multitenancy.TestPipelineEndpoints" name="test_get_system_status" time="0.328" /><testcase classname="tests.test_multitenancy.TestPipelineEndpoints" name="test_start_and_stop_pipeline" time="0.346" /><testcase classname="tests.test_multitenancy.TestNoLocalhostURLs" name="test_no_localhost_in_config" time="0.301" /><testcase classname="tests.test_multitenancy.TestNoLocalhostURLs" name="test_no_localhost_in_system_status" time="0.295" /><testcase classname="tests.test_multitenancy.TestNoLocalhostURLs" name="test_no_localhost_in_leads" time="0.303" /><testcase classname="tests.test_multitenancy.TestAuthMe" name="test_auth_me_returns_user_info" time="0.299" /><testcase classname="tests.test_multitenancy.TestAuthMe" name="test_auth_me_requires_auth" time="0.037" /></testsuite></testsuites>