<?xml version="1.0" encoding="utf-8"?><testsuites name="pytest tests"><testsuite name="pytest" errors="0" failures="0" skipped="0" tests="8" time="2.451" timestamp="2026-01-28T19:04:19.395823+00:00" hostname="agent-env-0d660161-985b-47ef-b2ee-75c5dd82875d"><testcase classname="backend.tests.test_new_features.TestManualEmailEndpoint" name="test_manual_email_requires_auth" time="0.362" /><testcase classname="backend.tests.test_new_features.TestManualEmailEndpoint" name="test_manual_email_validation_missing_fields" time="0.302" /><testcase classname="backend.tests.test_new_features.TestManualEmailEndpoint" name="test_manual_email_without_email_settings" time="0.587" /><testcase classname="backend.tests.test_new_features.TestManualEmailEndpoint" name="test_manual_email_with_optional_business_name" time="0.581" /><testcase classname="backend.tests.test_new_features.TestConversationsEndpoint" name="test_get_conversations" time="0.268" /><testcase classname="backend.tests.test_new_features.TestSetupGuideIntegrations" name="test_setup_guide_file_exists" time="0.002" /><testcase classname="backend.tests.test_new_features.TestHealthAndBasicEndpoints" name="test_health_endpoint" time="0.036" /><testcase classname="backend.tests.test_new_features.TestHealthAndBasicEndpoints" name="test_login_endpoint" time="0.257" /></testsuite></testsuites>